OPENED 'GTNET_DNP-dnp.log' file for writing.
Verbose setting set to 'TRUE'
Element 'Outstation' with attribute 'inst' = '1' found
Element 'Outstation' with attribute 'inst' = '2' found
Element 'Outstation' with attribute 'inst' = '3' found
Element 'Outstation' with attribute 'inst'= '4' not found
While parsing the XML file 'DNP3_database.xml', a total number of '3' oustations were found. 
 memset(Outstations, 0, *numIEDs*sizeof(sOutstation) '2148'
 malloc(sizeof(struct sDNPSetup) '12'
 malloc(MAX_NUM_DNPv6_CHANNELSv2 * sizeof(struct sMaster) '104'
 malloc(MAX_NUM_DNPv6_CHANNELSv2 * sizeof(struct sChannel) '104'
 malloc(MAX_NUM_DNPv6_CHANNELSv2 * sizeof(struct sOutstationConfiguration) '64'
 malloc(MAX_NUM_DNPv6_CHANNELSv2 * MAX_NUM_DNPv6_SESSIONSv2 * sizeof(struct sSessions) '32'
 malloc(MAX_NUM_DNPv6_CHANNELSv2 * MAX_NUM_DNPv6_SESSIONSv2 * sizeof(struct sLinkLayer) '96'
 malloc(sizeof(struct sBinaryStatusPoints) '8'
 malloc(MAX_NUM_DNPv6_BI_POINTSv2 * sizeof(struct sBI) '24960'
 malloc(sizeof(struct sDPointStatusPoints) '8'
 malloc(MAX_NUM_DNPv6_DPI_POINTSv2 * sizeof(struct sDPI) '12480'
 malloc(sizeof(struct sCounters) '8'
 malloc(MAX_NUM_DNPv6_CNT_POINTSv2 * sizeof(struct sCNT) '864'
 malloc(sizeof(struct sFcounters) '8'
 malloc(MAX_NUM_DNPv6_FC_POINTSv2 * sizeof(struct sFC) '848'
 malloc(sizeof(struct sAnalogStatusPoints) '8'
 malloc(MAX_NUM_DNPv6_AI_POINTSv2 * sizeof(struct sAI) '13200'
 malloc(sizeof(struct sBinaryControlPoints) '8'
 malloc(MAX_NUM_DNPv6_BO_POINTSv2 * sizeof(struct sBO) '12672'
 malloc(sizeof(struct sAnalogControlPoints) '8'
 malloc(MAX_NUM_DNPv6_AO_POINTSv2 * sizeof(struct sAO) '2600'
 malloc(sizeof(struct sBI) '260'
 malloc(sizeof(struct sDPI) '260'
 malloc(sizeof(struct sCNT) '216'
 malloc(sizeof(struct sFC) '212'
 malloc(sizeof(struct sAI) '264'
 malloc(sizeof(struct sBO) '264'
 malloc(sizeof(struct sAO) '260'
Element 'Outstation' with attribute 'inst' = '1' found
Outstation->name: Main
Outstation->inst: 1
Outstation->desc: RTDS DNP3 interface
Outstation->type: Generic IED
Outstation->manufacturer: RTDS Technologies
Outstation->componentVersion: DNPv6
Outstation->configVersion: 2.0
Validated GTNET DNP XML configVersion GTNET IED 1
Element 'Outstation' with attribute 'inst' = '2' found
Outstation->name: Attack
Outstation->inst: 2
Outstation->desc: RTDS DNP3 interface
Outstation->type: Generic IED
Outstation->manufacturer: RTDS Technologies
Outstation->componentVersion: DNPv6
Outstation->configVersion: 2.0
Validated GTNET DNP XML configVersion GTNET IED 2
Element 'Outstation' with attribute 'inst' = '3' found
Outstation->name: Attack2
Outstation->inst: 3
Outstation->desc: RTDS DNP3 interface
Outstation->type: Generic IED
Outstation->manufacturer: RTDS Technologies
Outstation->componentVersion: DNPv6
Outstation->configVersion: 2.0
Validated GTNET DNP XML configVersion GTNET IED 3

GTNET parameters:
-----------------------------
Element 'Outstation' with attribute 'inst' = '1' found

Outstation 1 DNPSetup configuration
------------------------------------
DNPSetup->NumChannels: 1
Element 'Master' with attribute 'inst' = '1' found
Outstation->DNPSetup->Master[0].enable: 1
Outstation->DNPSetup->Master[0].inst: 1
Outstation->DNPSetup->Master[0].MasterIP: *.*.*.*
Outstation->DNPSetup->Master[0].tcpPort: 20000
Outstation->DNPSetup->Master[0].udpPort: 3671

Element 'Channel' with attribute 'inst' = '1' found
Outstation->DNPSetup->Channel[0].Nmode: TCP/UDP
Outstation->DNPSetup->Channel[0].inst: 1
Outstation->DNPSetup->Channel[0].IpIndex: 1
Outstation->DNPSetup->Channel[0].OutstationConfiguration->maxControlsPerRequest: 16
Outstation->DNPSetup->Channel[0].OutstationConfiguration->maxRxFragSize: 2048
Outstation->DNPSetup->Channel[0].OutstationConfiguration->maxTxFragSize: 2048
Outstation->DNPSetup->Channel[0].OutstationConfiguration->allowUnsolicited: 0
Outstation->DNPSetup->Channel[0].OutstationConfiguration->selectTimeout: 10000
Outstation->DNPSetup->Channel[0].OutstationConfiguration->solConfirmTimeout: 10000
Outstation->DNPSetup->Channel[0].OutstationConfiguration->unsolConfirmTimeout: 10000
Outstation->DNPSetup->Channel[0].OutstationConfiguration->unsolRetries: 3
Outstation->DNPSetup->Channel[0].Sessions->NumSessions: 1
Element 'LinkLayer' with attribute 'inst' = '1' found
Outstation->DNPSetup->Channel[0].Sessions->LinkLayer[0].inst: 1
Outstation->DNPSetup->Channel[0].Sessions->LinkLayer[0].masterInst: 1
Outstation->DNPSetup->Channel[0].Sessions->LinkLayer[0].remoteAddr: 1
Outstation->DNPSetup->Channel[0].Sessions->LinkLayer[0].localAddr: 2
Outstation->DNPSetup->Channel[0].Sessions->LinkLayer[0].responseTimeout: 10000
Outstation->DNPSetup->Channel[0].Sessions->LinkLayer[0].keepAliveTimeout: 5000

------------------------------------
Validated DNPSetup element for GTNET IED 1
Element 'Outstation' with attribute 'inst' = '1' found

Outstation 1 BinaryStatusPoints 
------------------------------------
Outstation->BinaryStatusPoints->maxEvents: 200
------------------------------------
Validated BinaryStatusPoints element for GTNET IED 1
Element 'Outstation' with attribute 'inst' = '1' found

Outstation 1 DPointStatusPoints 
------------------------------------
Outstation->DPointStatusPoints->maxEvents: 100
------------------------------------
Validated DPointStatusPoints element for GTNET IED 1
Element 'Outstation' with attribute 'inst' = '1' found

Outstation 1 Counters 
------------------------------------
Outstation->Counters->maxEvents: 10
------------------------------------
Validated Counters element for GTNET IED 1
Element 'Outstation' with attribute 'inst' = '1' found

Outstation 1 FrozenCounters 
------------------------------------
Outstation->FrozenCounters->maxEvents: 10
------------------------------------
Validated FrozenCounters element for GTNET IED 1
Element 'Outstation' with attribute 'inst' = '1' found

Outstation 1 AnalogStatusPoints 
------------------------------------
Outstation->AnalogStatusPoints->maxEvents: 50
AI:0 DNP_address:0 variable_name:W1 deadband:0 deadband_algorithm:0 serializer_name: class_num:Class2 static_var:Group30Var6 event_var:Group32Var6
AI:1 DNP_address:1 variable_name:W2 deadband:0 deadband_algorithm:0 serializer_name: class_num:Class2 static_var:Group30Var6 event_var:Group32Var6
AI:2 DNP_address:2 variable_name:W3 deadband:0 deadband_algorithm:0 serializer_name: class_num:Class2 static_var:Group30Var6 event_var:Group32Var6
AI:3 DNP_address:3 variable_name:W4 deadband:0 deadband_algorithm:0 serializer_name: class_num:Class2 static_var:Group30Var6 event_var:Group32Var6
AI:4 DNP_address:4 variable_name:W5 deadband:0 deadband_algorithm:0 serializer_name: class_num:Class2 static_var:Group30Var6 event_var:Group32Var6
AI:5 DNP_address:5 variable_name:W6 deadband:0 deadband_algorithm:0 serializer_name: class_num:Class2 static_var:Group30Var6 event_var:Group32Var6
AI:6 DNP_address:6 variable_name:W7 deadband:0 deadband_algorithm:0 serializer_name: class_num:Class2 static_var:Group30Var6 event_var:Group32Var6
AI:7 DNP_address:7 variable_name:W8 deadband:0 deadband_algorithm:0 serializer_name: class_num:Class2 static_var:Group30Var6 event_var:Group32Var6
AI:8 DNP_address:8 variable_name:W9 deadband:0 deadband_algorithm:0 serializer_name: class_num:Class2 static_var:Group30Var6 event_var:Group32Var6
AI:9 DNP_address:9 variable_name:W10 deadband:0 deadband_algorithm:0 serializer_name: class_num:Class2 static_var:Group30Var6 event_var:Group32Var6
AI:10 DNP_address:10 variable_name:TL_13_T19 deadband:0 deadband_algorithm:0 serializer_name: class_num:Class2 static_var:Group30Var6 event_var:Group32Var6
AI:11 DNP_address:11 variable_name:TL_12_T21 deadband:0 deadband_algorithm:0 serializer_name: class_num:Class2 static_var:Group30Var6 event_var:Group32Var6
AI:12 DNP_address:12 variable_name:TL_23_T05 deadband:0 deadband_algorithm:0 serializer_name: class_num:Class2 static_var:Group30Var6 event_var:Group32Var6
AI:13 DNP_address:13 variable_name:TL_23_T02 deadband:0 deadband_algorithm:0 serializer_name: class_num:Class1 static_var:Group30Var6 event_var:Group32Var6
AI:14 DNP_address:14 variable_name:TL_31_T19 deadband:0 deadband_algorithm:0 serializer_name: class_num:Class1 static_var:Group30Var6 event_var:Group32Var6
AI:15 DNP_address:15 variable_name:TL_21_T21 deadband:0 deadband_algorithm:0 serializer_name: class_num:Class1 static_var:Group30Var6 event_var:Group32Var6
AI:16 DNP_address:16 variable_name:TL_32_T05 deadband:0 deadband_algorithm:0 serializer_name: class_num:Class1 static_var:Group30Var6 event_var:Group32Var6
AI:17 DNP_address:17 variable_name:TL_32_T02 deadband:0 deadband_algorithm:0 serializer_name: class_num:Class1 static_var:Group30Var6 event_var:Group32Var6
------------------------------------
Validated AnalogStatusPoints element for GTNET IED 1
Element 'Outstation' with attribute 'inst' = '1' found

Outstation 1 BinaryControlPoints 
------------------------------------
Outstation->BinaryControlPoints->maxEvents: 
------------------------------------
Validated BinaryControlPoints element for GTNET IED 1
Element 'Outstation' with attribute 'inst' = '1' found

Outstation 1 AnalogControlPoints 
------------------------------------
Outstation->AnalogControlPoints->maxEvents: 
AO:0 DNP_address:0 variable_name:ACE1_1 default_value:0.029 serializer_name: class_num:Class2 static_var:Group40Var4 event_var:Group42Var6
AO:1 DNP_address:1 variable_name:ACE2_1 default_value:0.029 serializer_name: class_num:Class2 static_var:Group40Var4 event_var:Group42Var6
AO:2 DNP_address:2 variable_name:ACE3_1 default_value:0.019 serializer_name: class_num:Class2 static_var:Group40Var4 event_var:Group42Var6
AO:3 DNP_address:3 variable_name:ShedParRemote default_value:0 serializer_name: class_num:Class2 static_var:Group40Var4 event_var:Group42Var6
------------------------------------
Validated AnalogControlPoints element for GTNET IED 1
Element 'Outstation' with attribute 'inst' = '2' found

Outstation 2 DNPSetup configuration
------------------------------------
DNPSetup->NumChannels: 1
Element 'Master' with attribute 'inst' = '1' found
Outstation->DNPSetup->Master[0].enable: 1
Outstation->DNPSetup->Master[0].inst: 1
Outstation->DNPSetup->Master[0].MasterIP: *.*.*.*
Outstation->DNPSetup->Master[0].tcpPort: 20001
Outstation->DNPSetup->Master[0].udpPort: 3671

Element 'Channel' with attribute 'inst' = '1' found
Outstation->DNPSetup->Channel[0].Nmode: TCP/UDP
Outstation->DNPSetup->Channel[0].inst: 1
Outstation->DNPSetup->Channel[0].IpIndex: 2
Outstation->DNPSetup->Channel[0].OutstationConfiguration->maxControlsPerRequest: 16
Outstation->DNPSetup->Channel[0].OutstationConfiguration->maxRxFragSize: 2048
Outstation->DNPSetup->Channel[0].OutstationConfiguration->maxTxFragSize: 2048
Outstation->DNPSetup->Channel[0].OutstationConfiguration->allowUnsolicited: 0
Outstation->DNPSetup->Channel[0].OutstationConfiguration->selectTimeout: 10000
Outstation->DNPSetup->Channel[0].OutstationConfiguration->solConfirmTimeout: 10000
Outstation->DNPSetup->Channel[0].OutstationConfiguration->unsolConfirmTimeout: 10000
Outstation->DNPSetup->Channel[0].OutstationConfiguration->unsolRetries: 3
Outstation->DNPSetup->Channel[0].Sessions->NumSessions: 1
Element 'LinkLayer' with attribute 'inst' = '1' found
Outstation->DNPSetup->Channel[0].Sessions->LinkLayer[0].inst: 1
Outstation->DNPSetup->Channel[0].Sessions->LinkLayer[0].masterInst: 1
Outstation->DNPSetup->Channel[0].Sessions->LinkLayer[0].remoteAddr: 1
Outstation->DNPSetup->Channel[0].Sessions->LinkLayer[0].localAddr: 2
Outstation->DNPSetup->Channel[0].Sessions->LinkLayer[0].responseTimeout: 10000
Outstation->DNPSetup->Channel[0].Sessions->LinkLayer[0].keepAliveTimeout: 5000

------------------------------------
Validated DNPSetup element for GTNET IED 2
Element 'Outstation' with attribute 'inst' = '2' found

Outstation 2 BinaryStatusPoints 
------------------------------------
Outstation->BinaryStatusPoints->maxEvents: 200
------------------------------------
Validated BinaryStatusPoints element for GTNET IED 2
Element 'Outstation' with attribute 'inst' = '2' found

Outstation 2 DPointStatusPoints 
------------------------------------
Outstation->DPointStatusPoints->maxEvents: 100
------------------------------------
Validated DPointStatusPoints element for GTNET IED 2
Element 'Outstation' with attribute 'inst' = '2' found

Outstation 2 Counters 
------------------------------------
Outstation->Counters->maxEvents: 10
------------------------------------
Validated Counters element for GTNET IED 2
Element 'Outstation' with attribute 'inst' = '2' found

Outstation 2 FrozenCounters 
------------------------------------
Outstation->FrozenCounters->maxEvents: 10
------------------------------------
Validated FrozenCounters element for GTNET IED 2
Element 'Outstation' with attribute 'inst' = '2' found

Outstation 2 AnalogStatusPoints 
------------------------------------
Outstation->AnalogStatusPoints->maxEvents: 50
AI:0 DNP_address:0 variable_name:FREQ1_big deadband:0 deadband_algorithm:0 serializer_name: class_num:Class2 static_var:Group30Var6 event_var:Group32Var6
AI:1 DNP_address:1 variable_name:FREQ2_big deadband:0 deadband_algorithm:0 serializer_name: class_num:Class2 static_var:Group30Var6 event_var:Group32Var6
AI:2 DNP_address:2 variable_name:FREQ3_big deadband:0 deadband_algorithm:0 serializer_name: class_num:Class2 static_var:Group30Var6 event_var:Group32Var6
AI:3 DNP_address:3 variable_name:FREQ4_big deadband:0 deadband_algorithm:0 serializer_name: class_num:Class2 static_var:Group30Var6 event_var:Group32Var6
AI:4 DNP_address:4 variable_name:FREQ5_big deadband:0 deadband_algorithm:0 serializer_name: class_num:Class2 static_var:Group30Var6 event_var:Group32Var6
AI:5 DNP_address:5 variable_name:FREQ6_big deadband:0 deadband_algorithm:0 serializer_name: class_num:Class2 static_var:Group30Var6 event_var:Group32Var6
AI:6 DNP_address:6 variable_name:FREQ7_big deadband:0 deadband_algorithm:0 serializer_name: class_num:Class2 static_var:Group30Var6 event_var:Group32Var6
AI:7 DNP_address:7 variable_name:FREQ8_big deadband:0 deadband_algorithm:0 serializer_name: class_num:Class2 static_var:Group30Var6 event_var:Group32Var6
AI:8 DNP_address:8 variable_name:FREQ9_big deadband:0 deadband_algorithm:0 serializer_name: class_num:Class2 static_var:Group30Var6 event_var:Group32Var6
AI:9 DNP_address:9 variable_name:FREQ10_big deadband:0 deadband_algorithm:0 serializer_name: class_num:Class2 static_var:Group30Var6 event_var:Group32Var6
------------------------------------
Validated AnalogStatusPoints element for GTNET IED 2
Element 'Outstation' with attribute 'inst' = '2' found

Outstation 2 BinaryControlPoints 
------------------------------------
Outstation->BinaryControlPoints->maxEvents: 
------------------------------------
Validated BinaryControlPoints element for GTNET IED 2
Element 'Outstation' with attribute 'inst' = '2' found

Outstation 2 AnalogControlPoints 
------------------------------------
Outstation->AnalogControlPoints->maxEvents: 
AO:0 DNP_address:0 variable_name:Load15_P default_value:0 serializer_name: class_num:Class2 static_var:Group40Var4 event_var:Group42Var6
AO:1 DNP_address:1 variable_name:Load16_P default_value:0 serializer_name: class_num:Class2 static_var:Group40Var4 event_var:Group42Var6
AO:2 DNP_address:2 variable_name:Load20_P default_value:0 serializer_name: class_num:Class2 static_var:Group40Var4 event_var:Group42Var6
AO:3 DNP_address:3 variable_name:Load21_P default_value:0 serializer_name: class_num:Class2 static_var:Group40Var4 event_var:Group42Var6
AO:4 DNP_address:4 variable_name:Load3_P default_value:0 serializer_name: class_num:Class2 static_var:Group40Var4 event_var:Group42Var6
AO:5 DNP_address:5 variable_name:Load18_P default_value:0 serializer_name: class_num:Class2 static_var:Group40Var4 event_var:Group42Var6
AO:6 DNP_address:6 variable_name:Load25_P default_value:0 serializer_name: class_num:Class2 static_var:Group40Var4 event_var:Group42Var6
AO:7 DNP_address:7 variable_name:Load4_P default_value:0 serializer_name: class_num:Class2 static_var:Group40Var4 event_var:Group42Var6
AO:8 DNP_address:8 variable_name:Load7_P default_value:0 serializer_name: class_num:Class2 static_var:Group40Var4 event_var:Group42Var6
AO:9 DNP_address:9 variable_name:Load8_P default_value:0 serializer_name: class_num:Class2 static_var:Group40Var4 event_var:Group42Var6
------------------------------------
Validated AnalogControlPoints element for GTNET IED 2
Element 'Outstation' with attribute 'inst' = '3' found

Outstation 3 DNPSetup configuration
------------------------------------
DNPSetup->NumChannels: 1
Element 'Master' with attribute 'inst' = '1' found
Outstation->DNPSetup->Master[0].enable: 1
Outstation->DNPSetup->Master[0].inst: 1
Outstation->DNPSetup->Master[0].MasterIP: *.*.*.*
Outstation->DNPSetup->Master[0].tcpPort: 20002
Outstation->DNPSetup->Master[0].udpPort: 3671

Element 'Channel' with attribute 'inst' = '1' found
Outstation->DNPSetup->Channel[0].Nmode: TCP/UDP
Outstation->DNPSetup->Channel[0].inst: 1
Outstation->DNPSetup->Channel[0].IpIndex: 3
Outstation->DNPSetup->Channel[0].OutstationConfiguration->maxControlsPerRequest: 16
Outstation->DNPSetup->Channel[0].OutstationConfiguration->maxRxFragSize: 2048
Outstation->DNPSetup->Channel[0].OutstationConfiguration->maxTxFragSize: 2048
Outstation->DNPSetup->Channel[0].OutstationConfiguration->allowUnsolicited: 0
Outstation->DNPSetup->Channel[0].OutstationConfiguration->selectTimeout: 10000
Outstation->DNPSetup->Channel[0].OutstationConfiguration->solConfirmTimeout: 10000
Outstation->DNPSetup->Channel[0].OutstationConfiguration->unsolConfirmTimeout: 10000
Outstation->DNPSetup->Channel[0].OutstationConfiguration->unsolRetries: 3
Outstation->DNPSetup->Channel[0].Sessions->NumSessions: 1
Element 'LinkLayer' with attribute 'inst' = '1' found
Outstation->DNPSetup->Channel[0].Sessions->LinkLayer[0].inst: 1
Outstation->DNPSetup->Channel[0].Sessions->LinkLayer[0].masterInst: 1
Outstation->DNPSetup->Channel[0].Sessions->LinkLayer[0].remoteAddr: 1
Outstation->DNPSetup->Channel[0].Sessions->LinkLayer[0].localAddr: 2
Outstation->DNPSetup->Channel[0].Sessions->LinkLayer[0].responseTimeout: 10000
Outstation->DNPSetup->Channel[0].Sessions->LinkLayer[0].keepAliveTimeout: 5000

------------------------------------
Validated DNPSetup element for GTNET IED 3
Element 'Outstation' with attribute 'inst' = '3' found

Outstation 3 BinaryStatusPoints 
------------------------------------
Outstation->BinaryStatusPoints->maxEvents: 200
------------------------------------
Validated BinaryStatusPoints element for GTNET IED 3
Element 'Outstation' with attribute 'inst' = '3' found

Outstation 3 DPointStatusPoints 
------------------------------------
Outstation->DPointStatusPoints->maxEvents: 100
------------------------------------
Validated DPointStatusPoints element for GTNET IED 3
Element 'Outstation' with attribute 'inst' = '3' found

Outstation 3 Counters 
------------------------------------
Outstation->Counters->maxEvents: 10
------------------------------------
Validated Counters element for GTNET IED 3
Element 'Outstation' with attribute 'inst' = '3' found

Outstation 3 FrozenCounters 
------------------------------------
Outstation->FrozenCounters->maxEvents: 10
------------------------------------
Validated FrozenCounters element for GTNET IED 3
Element 'Outstation' with attribute 'inst' = '3' found

Outstation 3 AnalogStatusPoints 
------------------------------------
Outstation->AnalogStatusPoints->maxEvents: 50
AI:0 DNP_address:0 variable_name:FREQ1_big deadband:0 deadband_algorithm:0 serializer_name: class_num:Class2 static_var:Group30Var6 event_var:Group32Var6
AI:1 DNP_address:1 variable_name:FREQ2_big deadband:0 deadband_algorithm:0 serializer_name: class_num:Class2 static_var:Group30Var6 event_var:Group32Var6
AI:2 DNP_address:2 variable_name:FREQ3_big deadband:0 deadband_algorithm:0 serializer_name: class_num:Class2 static_var:Group30Var6 event_var:Group32Var6
AI:3 DNP_address:3 variable_name:FREQ4_big deadband:0 deadband_algorithm:0 serializer_name: class_num:Class2 static_var:Group30Var6 event_var:Group32Var6
AI:4 DNP_address:4 variable_name:FREQ5_big deadband:0 deadband_algorithm:0 serializer_name: class_num:Class2 static_var:Group30Var6 event_var:Group32Var6
AI:5 DNP_address:5 variable_name:FREQ6_big deadband:0 deadband_algorithm:0 serializer_name: class_num:Class2 static_var:Group30Var6 event_var:Group32Var6
AI:6 DNP_address:6 variable_name:FREQ7_big deadband:0 deadband_algorithm:0 serializer_name: class_num:Class2 static_var:Group30Var6 event_var:Group32Var6
AI:7 DNP_address:7 variable_name:FREQ8_big deadband:0 deadband_algorithm:0 serializer_name: class_num:Class2 static_var:Group30Var6 event_var:Group32Var6
AI:8 DNP_address:8 variable_name:FREQ9_big deadband:0 deadband_algorithm:0 serializer_name: class_num:Class2 static_var:Group30Var6 event_var:Group32Var6
AI:9 DNP_address:9 variable_name:FREQ10_big deadband:0 deadband_algorithm:0 serializer_name: class_num:Class2 static_var:Group30Var6 event_var:Group32Var6
------------------------------------
Validated AnalogStatusPoints element for GTNET IED 3
Element 'Outstation' with attribute 'inst' = '3' found

Outstation 3 BinaryControlPoints 
------------------------------------
Outstation->BinaryControlPoints->maxEvents: 
------------------------------------
Validated BinaryControlPoints element for GTNET IED 3
Element 'Outstation' with attribute 'inst' = '3' found

Outstation 3 AnalogControlPoints 
------------------------------------
Outstation->AnalogControlPoints->maxEvents: 
AO:0 DNP_address:0 variable_name:Load23_P default_value:0 serializer_name: class_num:Class2 static_var:Group40Var4 event_var:Group42Var6
AO:1 DNP_address:1 variable_name:Load24_P default_value:0 serializer_name: class_num:Class2 static_var:Group40Var4 event_var:Group42Var6
AO:2 DNP_address:2 variable_name:Load26_P default_value:0 serializer_name: class_num:Class2 static_var:Group40Var4 event_var:Group42Var6
AO:3 DNP_address:3 variable_name:Load27_P default_value:0 serializer_name: class_num:Class2 static_var:Group40Var4 event_var:Group42Var6
AO:4 DNP_address:4 variable_name:Load28_P default_value:0 serializer_name: class_num:Class2 static_var:Group40Var4 event_var:Group42Var6
AO:5 DNP_address:5 variable_name:Load29_P default_value:0 serializer_name: class_num:Class2 static_var:Group40Var4 event_var:Group42Var6
AO:6 DNP_address:6 variable_name:Load12_P default_value:0 serializer_name: class_num:Class2 static_var:Group40Var4 event_var:Group42Var6
AO:7 DNP_address:7 variable_name:Load39_P default_value:0 serializer_name: class_num:Class2 static_var:Group40Var4 event_var:Group42Var6
------------------------------------
Validated AnalogControlPoints element for GTNET IED 3
