0,    100.00     /  Thu Apr 03 14:35:57 2025
RTDS Loadflow
test system
    1, '    BUS1',  345.00, 1,    0.000,    0.000,    1,    1,  1.048673,   -8.214804, 0
    2, '   BUS10',  345.00, 1,    0.000,    0.000,    1,    1,  1.026724,   -5.323316, 0
    3, '   BUS11',  345.00, 1,    0.000,    0.000,    1,    1,  1.024293,   -6.175126, 0
    4, '   BUS12',  345.00, 1,    0.000,    0.000,    1,    1,  1.011003,   -6.128576, 0
    5, '   BUS13',  345.00, 1,    0.000,    0.000,    1,    1,  1.023635,   -5.978148, 0
    6, '   BUS14',  345.00, 1,    0.000,    0.000,    1,    1,  1.020112,   -7.498891, 0
    7, '   BUS15',  345.00, 1,    0.000,    0.000,    1,    1,  1.016936,   -7.542704, 0
    8, '   BUS16',  345.00, 1,    0.000,    0.000,    1,    1,  1.030340,   -5.977543, 0
    9, '   BUS17',  345.00, 1,    0.000,    0.000,    1,    1,  1.037405,   -7.110180, 0
   10, '   BUS18',  345.00, 1,    0.000,    0.000,    1,    1,  1.039020,   -8.042675, 0
   11, '   BUS19',  345.00, 1,    0.000,    0.000,    1,    1,  1.049326,   -0.812248, 0
   12, '    BUS2',  345.00, 1,    0.000,    0.000,    1,    1,  1.052127,   -5.576000, 0
   13, '   BUS20',  110.00, 1,    0.000,    0.000,    1,    1,  0.990885,   -1.805619, 0
   14, '   BUS21',  345.00, 1,    0.000,    0.000,    1,    1,  1.030149,   -3.555430, 0
   15, '   BUS22',  345.00, 1,    0.000,    0.000,    1,    1,  1.048057,    0.914697, 0
   16, '   BUS23',  345.00, 1,    0.000,    0.000,    1,    1,  1.041888,    0.725749, 0
   17, '   BUS24',  345.00, 1,    0.000,    0.000,    1,    1,  1.026624,   -5.834247, 0
   18, '   BUS25',  345.00, 1,    0.000,    0.000,    1,    1,  1.060651,   -4.185374, 0
   19, '   BUS26',  345.00, 1,    0.000,    0.000,    1,    1,  1.058267,   -5.358962, 0
   20, '   BUS27',  345.00, 1,    0.000,    0.000,    1,    1,  1.042917,   -7.303457, 0
   21, '   BUS28',  345.00, 1,    0.000,    0.000,    1,    1,  1.062766,   -1.965085, 0
   22, '   BUS29',  345.00, 1,    0.000,    0.000,    1,    1,  1.056575,    0.771626, 0
   23, '    BUS3',  345.00, 1,    0.000,    0.000,    1,    1,  1.037399,   -8.408963, 0
   24, ' BUS30x1',   13.80, 2,    0.000,    0.000,    1,    1,  1.047500,  -33.164033, 0
   25, ' BUS31x1',   13.80, 3,    0.000,    0.000,    1,    1,  0.982000,  -29.999999, 0
   26, ' BUS32x1',   13.80, 2,    0.000,    0.000,    1,    1,  0.983100,  -27.402251, 0
   27, ' BUS33x1',   13.80, 2,    0.000,    0.000,    1,    1,  0.997200,  -25.593565, 0
   28, ' BUS34x1',   13.80, 2,    0.000,    0.000,    1,    1,  1.012300,  -26.615263, 0
   29, ' BUS35x1',   13.80, 2,    0.000,    0.000,    1,    1,  1.049300,  -24.115303, 0
   30, ' BUS36x1',   13.80, 2,    0.000,    0.000,    1,    1,  1.063500,  -21.402342, 0
   31, ' BUS37x1',   13.80, 2,    0.000,    0.000,    1,    1,  1.027800,  -27.416333, 0
   32, ' BUS38x1',   13.80, 2,    0.000,    0.000,    1,    1,  1.026500,  -22.190957, 0
   33, '   BUS39',  345.00, 2,    0.000,    0.000,    1,    1,  1.030000,   -9.811964, 0
   34, '    BUS4',  345.00, 1,    0.000,    0.000,    1,    1,  1.015010,   -9.415420, 0
   35, '    BUS5',  345.00, 1,    0.000,    0.000,    1,    1,  1.021183,   -8.461601, 0
   36, '    BUS6',  345.00, 1,    0.000,    0.000,    1,    1,  1.023316,   -7.820081, 0
   37, '    BUS7',  345.00, 1,    0.000,    0.000,    1,    1,  1.021291,   -9.948176, 0
   38, '    BUS8',  345.00, 1,    0.000,    0.000,    1,    1,  1.016936,  -10.405472, 0
   39, '    BUS9',  345.00, 1,    0.000,    0.000,    1,    1,  1.036841,  -10.089136, 0
0  / END OF BUS DATA, BEGIN LOAD DATA 
   4,  "1",  1,  1,  1,    7.5,     88,  0.0,  0.0,             0.0,              0.0,  1 /  FDNE DYLOAD P=7.5 Q=88 Vbus=345 type=2 DYLOAD=1 Vmin=0.8 Pmin=3.75 Pmax=15 Qmin=44 Qmax=176 name=DL12              
   7,  "1",  1,  1,  1,    320,    153,  0.0,  0.0,             0.0,              0.0,  1 /  FDNE DYLOAD P=320 Q=153 Vbus=345 type=2 DYLOAD=1 Vmin=0.8 Pmin=160 Pmax=640 Qmin=76.5 Qmax=306 name=DL15           
   8,  "1",  1,  1,  1,    329,  -32.3,  0.0,  0.0,             0.0,              0.0,  1  /  FDNE DYLOAD  P=329 Q=-32.3 Vbus=345 type=2 DYLOAD=1 Vmin=0.8 Pmin=164.5 Pmax=658 Qmin=16.15 Qmax=64.6 name=DL16   
  10,  "1",  1,  1,  1,    158,    -30,  0.0,  0.0,             0.0,              0.0,  1  /  FDNE DYLOAD  P=158 Q=-30 Vbus=345 type=2 DYLOAD=1 Vmin=0.8 Pmin=79 Pmax=316 Qmin=15 Qmax=60 name=DL18             
  13,  "1",  1,  1,  1,    628,    103,  0.0,  0.0,             0.0,              0.0,  1 /  FDNE DYLOAD P=628 Q=103 Vbus=110 type=2 DYLOAD=1 Vmin=0.8 Pmin=314 Pmax=1256 Qmin=51.5 Qmax=206 name=DL20          
  14,  "1",  1,  1,  1,    274,    115,  0.0,  0.0,             0.0,              0.0,  1 /  FDNE DYLOAD P=274 Q=115 Vbus=345 type=2 DYLOAD=1 Vmin=0.8 Pmin=137 Pmax=548 Qmin=57.5 Qmax=230 name=DL21           
  16,  "1",  1,  1,  1,  247.5,   84.6,  0.0,  0.0,             0.0,              0.0,  1 /  FDNE DYLOAD P=247.5 Q=84.6 Vbus=345 type=2 DYLOAD=1 Vmin=0.8 Pmin=123.75 Pmax=495 Qmin=42.3 Qmax=169.2 name=DL23   
  17,  "1",  1,  1,  1,  308.6,   92.2,  0.0,  0.0,             0.0,              0.0,  1 /  FDNE DYLOAD P=308.6 Q=92.2 Vbus=345 type=2 DYLOAD=1 Vmin=0.8 Pmin=154.3 Pmax=617.2 Qmin=46.1 Qmax=184.4 name=DL24  
  18,  "1",  1,  1,  1,    224,   47.2,  0.0,  0.0,             0.0,              0.0,  1 /  FDNE DYLOAD P=224 Q=47.2 Vbus=345 type=2 DYLOAD=1 Vmin=0.8 Pmin=112 Pmax=448 Qmin=23.6 Qmax=94.4 name=DL25         
  19,  "1",  1,  1,  1,    139,     17,  0.0,  0.0,             0.0,              0.0,  1 /  FDNE DYLOAD P=139 Q=17 Vbus=345 type=2 DYLOAD=1 Vmin=0.8 Pmin=69.5 Pmax=278 Qmin=8.5 Qmax=34 name=DL26             
  20,  "1",  1,  1,  1,    281,   75.5,  0.0,  0.0,             0.0,              0.0,  1 /  FDNE DYLOAD P=281 Q=75.5 Vbus=345 type=2 DYLOAD=1 Vmin=0.8 Pmin=140.5 Pmax=562 Qmin=37.75 Qmax=151 name=DL27       
  21,  "1",  1,  1,  1,    206,  -27.6,  0.0,  0.0,             0.0,              0.0,  1  /  FDNE DYLOAD  P=206 Q=-27.6 Vbus=345 type=2 DYLOAD=1 Vmin=0.8 Pmin=103 Pmax=412 Qmin=13.8 Qmax=55.2 name=DL28      
  22,  "1",  1,  1,  1,  283.5,   26.9,  0.0,  0.0,             0.0,              0.0,  1 /  FDNE DYLOAD P=283.5 Q=26.9 Vbus=345 type=2 DYLOAD=1 Vmin=0.8 Pmin=141.75 Pmax=567 Qmin=13.45 Qmax=53.8 name=DL29   
  23,  "1",  1,  1,  1,    322,    2.4,  0.0,  0.0,             0.0,              0.0,  1 /  FDNE DYLOAD P=322 Q=2.4 Vbus=345 type=2 DYLOAD=1 Vmin=0.8 Pmin=161 Pmax=644 Qmin=1.2 Qmax=4.8 name=DL3             
  24,  "1",  1,  1,  1,    0.0,    0.0,  0.0,  0.0,               0,                0,                                                                                                                        1 
  25,  "1",  1,  1,  1,    0.0,    0.0,  0.0,  0.0,  9.540329052538,  -4.770205980294,                                                                                                                        1 
  26,  "1",  1,  1,  1,    0.0,    0.0,  0.0,  0.0,               0,                0,                                                                                                                        1 
  27,  "1",  1,  1,  1,    0.0,    0.0,  0.0,  0.0,               0,                0,                                                                                                                        1 
  28,  "1",  1,  1,  1,    0.0,    0.0,  0.0,  0.0,               0,                0,                                                                                                                        1 
  29,  "1",  1,  1,  1,    0.0,    0.0,  0.0,  0.0,               0,                0,                                                                                                                        1 
  30,  "1",  1,  1,  1,    0.0,    0.0,  0.0,  0.0,               0,                0,                                                                                                                        1 
  31,  "1",  1,  1,  1,    0.0,    0.0,  0.0,  0.0,               0,                0,                                                                                                                        1 
  32,  "1",  1,  1,  1,    0.0,    0.0,  0.0,  0.0,               0,                0,                                                                                                                        1 
  33,  "1",  1,  1,  1,    0.0,    0.0,  0.0,  0.0,               0,                0,                                                                                                                        1 
  33,  "2",  1,  1,  1,   1104,    250,  0.0,  0.0,             0.0,              0.0,  1 /  FDNE DYLOAD P=1104 Q=250 Vbus=345 type=2 DYLOAD=1 Vmin=0.8 Pmin=552 Pmax=2208 Qmin=125 Qmax=500 name=DL39          
  34,  "1",  1,  1,  1,    500,    184,  0.0,  0.0,             0.0,              0.0,  1 /  FDNE DYLOAD P=500 Q=184 Vbus=345 type=2 DYLOAD=1 Vmin=0.8 Pmin=250 Pmax=1000 Qmin=92 Qmax=368 name=DL4             
  37,  "1",  1,  1,  1,  233.8,    -84,  0.0,  0.0,             0.0,              0.0,  1  /  FDNE DYLOAD  P=233.8 Q=-84 Vbus=345 type=2 DYLOAD=1 Vmin=0.8 Pmin=116.9 Pmax=467.6 Qmin=42 Qmax=168 name=DL7      
  38,  "1",  1,  1,  1,    522,    176,  0.0,  0.0,             0.0,              0.0,  1 /  FDNE DYLOAD P=522 Q=176 Vbus=345 type=2 DYLOAD=1 Vmin=0.8 Pmin=261 Pmax=1044 Qmin=88 Qmax=352 name=DL8             
0 / END OF LOAD DATA, BEGIN GENERATOR DATA 
    24 '1'     250.000     126.999 99999.900 -99999.900 1.047500     0 100.000 0.00000 1.00000 0.00000 0.00000 1.00000 1 100.0 9999.000 -9999.000
    25 '1'     520.336     140.212 99999.900 -99999.900 0.982000     0 100.000 0.00000 1.00000 0.00000 0.00000 1.00000 1 100.0 9999.000 -9999.000
    26 '1'     650.000     160.743 99999.900 -99999.900 0.983100     0 100.000 0.00000 1.00000 0.00000 0.00000 1.00000 1 100.0 9999.000 -9999.000
    27 '1'     632.000     113.418 99999.900 -99999.900 0.997200     0 100.000 0.00000 1.00000 0.00000 0.00000 1.00000 1 100.0 9999.000 -9999.000
    28 '1'     508.000     167.390 99999.900 -99999.900 1.012300     0 100.000 0.00000 1.00000 0.00000 0.00000 1.00000 1 100.0 9999.000 -9999.000
    29 '1'     650.000     224.905 99999.900 -99999.900 1.049300     0 100.000 0.00000 1.00000 0.00000 0.00000 1.00000 1 100.0 9999.000 -9999.000
    30 '1'     560.000     112.594 99999.900 -99999.900 1.063500     0 100.000 0.00000 1.00000 0.00000 0.00000 1.00000 1 100.0 9999.000 -9999.000
    31 '1'     540.000     -12.937 99999.900 -99999.900 1.027800     0 100.000 0.00000 1.00000 0.00000 0.00000 1.00000 1 100.0 9999.000 -9999.000
    32 '1'     830.000     -19.789 99999.900 -99999.900 1.026500     0 100.000 0.00000 1.00000 0.00000 0.00000 1.00000 1 100.0 9999.000 -9999.000
    33 '1'    1000.000      46.728 99999.900 -9999.900 1.030000     0 100.000 0.00000 1.00000 0.00000 0.00000 1.00000 1 100.0 9999.000 -9999.000
0 / END OF GENERATOR DATA, BEGIN BRANCH DATA 
   1,  12,  1,    0.0034665692,  0.040905025472,  0.700377345808,  0,  0,   0,               0,   0,  0,  0,  0,  0,  1,  1,  0,  1 
   1,  33,  1,  0.000993758772,  0.024922086763,  0.751174493821,  0,  0,   0,               0,   0,  0,  0,  0,  0,  1,  1,  0,  1 
   2,  26,  1,               0,            0.02,               0,  0,  0,   0,            1.07,  30,  0,  0,  0,  0,  1,  0,  0,  1 
   3,   2,  1,  0.000399958205,  0.004299759595,  0.072901604405,  0,  0,   0,               0,   0,  0,  0,  0,  0,  1,  1,  0,  1 
   3,   4,  1,          0.0016,          0.0435,               0,  0,  0,   0,  0.994035785288,   0,  0,  0,  0,  0,  1,  0,  0,  1 
   3,  36,  1,  0.000699734263,  0.008198417106,  0.138912545575,  0,  0,   0,               0,   0,  0,  0,  0,  0,  1,  1,  0,  1 
   4,   5,  1,          0.0016,          0.0435,               0,  0,  0,   0,           1.006,   0,  0,  0,  0,  0,  1,  0,  0,  1 
   5,   2,  1,  0.000399958205,  0.004299759595,  0.072901604405,  0,  0,   0,               0,   0,  0,  0,  0,  0,  1,  1,  0,  1 
   6,   5,  1,  0.000899478002,  0.010097067221,  0.172324531432,  0,  0,   0,               0,   0,  0,  0,  0,  0,  1,  1,  0,  1 
   6,  34,  1,  0.000799524655,   0.01289619015,  0.138220621642,  0,  0,   0,               0,   0,  0,  0,  0,  0,  1,  1,  0,  1 
   7,   6,  1,  0.001795237493,  0.021671526289,  0.366243136901,  0,  0,   0,               0,   0,  0,  0,  0,  0,  1,  1,  0,  1 
   7,   8,  1,  0.000899517841,  0.009397471948,  0.171022306198,  0,  0,   0,               0,   0,  0,  0,  0,  0,  1,  1,  0,  1 
   8,   9,  1,  0.000699721335,  0.008898266179,  0.134213763053,  0,  0,   0,               0,   0,  0,  0,  0,  0,  1,  1,  0,  1 
   8,  11,  1,   0.00159683979,  0.019480905922,   0.30415083789,  0,  0,   0,               0,   0,  0,  0,  0,  0,  1,  1,  0,  1 
   9,  10,  1,  0.000699747655,  0.008198486364,   0.13191114382,  0,  0,   0,               0,   0,  0,  0,  0,  0,  1,  1,  0,  1 
  10,  23,  1,  0.001098957584,  0.013293781683,  0.213851334406,  0,  0,   0,               0,   0,  0,  0,  0,  0,  1,  1,  0,  1 
  11,  13,  1,          0.0007,          0.0138,               0,  0,  0,   0,            1.06,   0,  0,  0,  0,  0,  1,  0,  0,  1 
  11,  27,  1,          0.0007,          0.0142,               0,  0,  0,   0,            1.07,  30,  0,  0,  0,  0,  1,  0,  0,  1 
  12,  18,  1,  0.006997070468,  0.008599411992,   0.14601560752,  0,  0,   0,               0,   0,  0,  0,  0,  0,  1,  1,  0,  1 
  12,  24,  1,               0,          0.0181,               0,  0,  0,   0,           1.025,  30,  0,  0,  0,  0,  1,  0,  0,  1 
  13,  28,  1,          0.0009,           0.018,               0,  0,  0,   0,           1.009,  30,  0,  0,  0,  0,  1,  0,  0,  1 
  14,   8,  1,  0.000799082962,  0.013492250317,  0.254872333002,  0,  0,   0,               0,   0,  0,  0,  0,  0,  1,  1,  0,  1 
  15,  14,  1,  0.000799042656,  0.013991661077,  0.256576990486,  0,  0,   0,               0,   0,  0,  0,  0,  0,  1,  1,  0,  1 
  15,  16,  1,  0.000599645614,  0.009597189565,   0.18462752995,  0,  0,   0,               0,   0,  0,  0,  0,  0,  1,  1,  0,  1 
  15,  29,  1,               0,          0.0143,               0,  0,  0,   0,           1.025,  30,  0,  0,  0,  0,  1,  0,  0,  1 
  16,  17,  1,  0.002190743092,  0.034926646206,  0.361380719306,  0,  0,   0,               0,   0,  0,  0,  0,  0,  1,  1,  0,  1 
  16,  30,  1,          0.0005,          0.0272,               0,  0,  0,   0,               1,  30,  0,  0,  0,  0,  1,  0,  0,  1 
  17,   8,  1,  0.000299959881,  0.005899588211,  0.068002062719,  0,  0,   0,               0,   0,  0,  0,  0,  0,  1,  1,  0,  1 
  18,  19,  1,  0.003182347357,  0.032211714241,  0.513709017742,  0,  0,   0,               0,   0,  0,  0,  0,  0,  1,  1,  0,  1 
  18,  31,  1,          0.0006,          0.0232,               0,  0,  0,   0,           1.025,  30,  0,  0,  0,  0,  1,  0,  0,  1 
  19,  21,  1,  0.004247139594,  0.047110805343,  0.782613744345,  0,  0,   0,               0,   0,  0,  0,  0,  0,  1,  1,  0,  1 
  20,   9,  1,  0.001297590084,  0.017284024331,  0.321748654597,  0,  0,   0,               0,   0,  0,  0,  0,  0,  1,  1,  0,  1 
  20,  19,  1,  0.001398356777,  0.014691450355,  0.239670346335,  0,  0,   0,               0,   0,  0,  0,  0,  0,  1,  1,  0,  1 
  22,  19,  1,  0.005578392989,  0.061837704637,  1.034549452701,  0,  0,   0,               0,   0,  0,  0,  0,  0,  1,  1,  0,  1 
  22,  21,  1,  0.001398245876,  0.015090610801,  0.249077883697,  0,  0,   0,               0,   0,  0,  0,  0,  0,  1,  1,  0,  1 
  22,  32,  1,          0.0008,          0.0156,               0,  0,  0,   0,           1.025,  30,  0,  0,  0,  0,  1,  0,  0,  1 
  23,  12,  1,  0.001298317536,  0.015090336375,  0.257283890552,  0,  0,   0,               0,   0,  0,  0,  0,  0,  1,  1,  0,  1 
  34,  23,  1,  0.001297957193,  0.021283362481,  0.221487438244,  0,  0,   0,               0,   0,  0,  0,  0,  0,  1,  1,  0,  1 
  34,  35,  1,  0.000799541986,  0.012796399097,  0.134219728176,  0,  0,   0,               0,   0,  0,  0,  0,  0,  1,  1,  0,  1 
  35,  36,  1,  0.000199992478,  0.002599917496,  0.043399842387,  0,  0,   0,               0,   0,  0,  0,  0,  0,  1,  1,  0,  1 
  35,  38,  1,  0.000799559224,  0.011196906577,  0.147620025517,  0,  0,   0,               0,   0,  0,  0,  0,  0,  1,  1,  0,  1 
  36,  25,  1,               0,           0.025,               0,  0,  0,   0,            1.07,  30,  0,  0,  0,  0,  1,  0,  0,  1 
  36,  37,  1,  0.000599792095,   0.00919843881,  0.113010110398,  0,  0,   0,               0,   0,  0,  0,  0,  0,  1,  1,  0,  1 
  37,  38,  1,  0.000399952162,  0.004599703271,  0.078001929621,  0,  0,   0,               0,   0,  0,  0,  0,  0,  1,  1,  0,  1 
  38,  39,  1,  0.002289424416,  0.036216845317,  0.380838275007,  0,  0,   0,               0,   0,  0,  0,  0,  0,  1,  1,  0,  1 
  39,  33,  1,  0.000990022455,  0.024875400367,  1.203009701995,  0,  0,   0,               0,   0,  0,  0,  0,  0,  1,  1,  0,  1 
0 / END OF BRANCH DATA, BEGIN TRANSFORMER ADJUSTMENT DATA 
0  / End of area interchange data 
0  / End of two terminal dc line data 
0  / End of VSC dc line data 
0  / End of switched shunt data 
0  / End of transfermer impedance correction tables 
0  / End of multi-terminal DC line data 
0  / End of multi-section line data 
0  / End of zone data 
0  / End of inter-area transfer data 
0  / End of owner data 
0  / End of UPFC data 
